  InepConsoleApp.cpp
InepConsoleApp.obj : error LNK2019: unresolved external symbol "public: __thiscall TxRegistraUsuari::TxRegistraUsuari(class std::basic_string<char,struct std::char_traits<char>,class std::allocator<char> >,class std::basic_string<char,struct std::char_traits<char>,class std::allocator<char> >,class std::basic_string<char,struct std::char_traits<char>,class std::allocator<char> >,class std::basic_string<char,struct std::char_traits<char>,class std::allocator<char> >,class std::basic_string<char,struct std::char_traits<char>,class std::allocator<char> >)" (??0TxRegistraUsuari@@QAE@V?$basic_string@DU?$char_traits@D@std@@V?$allocator@D@2@@std@@0000@Z) referenced in function _main
InepConsoleApp.obj : error LNK2019: unresolved external symbol "public: void __thiscall TxRegistraUsuari::executar(void)" (?executar@TxRegistraUsuari@@QAEXXZ) referenced in function _main
InepConsoleApp.obj : error LNK2019: unresolved external symbol "public: __thiscall TxIniciSessio::TxIniciSessio(class std::basic_string<char,struct std::char_traits<char>,class std::allocator<char> >,class std::basic_string<char,struct std::char_traits<char>,class std::allocator<char> >)" (??0TxIniciSessio@@QAE@V?$basic_string@DU?$char_traits@D@std@@V?$allocator@D@2@@std@@0@Z) referenced in function _main
InepConsoleApp.obj : error LNK2019: unresolved external symbol "public: void __thiscall TxIniciSessio::executar(void)" (?executar@TxIniciSessio@@QAEXXZ) referenced in function _main
InepConsoleApp.obj : error LNK2019: unresolved external symbol "public: __thiscall TxTancaSessio::TxTancaSessio(void)" (??0TxTancaSessio@@QAE@XZ) referenced in function _main
InepConsoleApp.obj : error LNK2019: unresolved external symbol "public: void __thiscall TxTancaSessio::executar(void)" (?executar@TxTancaSessio@@QAEXXZ) referenced in function _main
InepConsoleApp.obj : error LNK2019: unresolved external symbol "public: __thiscall TxConsultaUsuari::TxConsultaUsuari(void)" (??0TxConsultaUsuari@@QAE@XZ) referenced in function _main
InepConsoleApp.obj : error LNK2019: unresolved external symbol "public: void __thiscall TxConsultaUsuari::executar(void)" (?executar@TxConsultaUsuari@@QAEXXZ) referenced in function _main
InepConsoleApp.obj : error LNK2019: unresolved external symbol "public: class std::basic_string<char,struct std::char_traits<char>,class std::allocator<char> > * __thiscall TxConsultaUsuari::obteResultat(void)" (?obteResultat@TxConsultaUsuari@@QAEPAV?$basic_string@DU?$char_traits@D@std@@V?$allocator@D@2@@std@@XZ) referenced in function _main
InepConsoleApp.obj : error LNK2019: unresolved external symbol "public: __thiscall TxInfoCompres::TxInfoCompres(void)" (??0TxInfoCompres@@QAE@XZ) referenced in function _main
InepConsoleApp.obj : error LNK2019: unresolved external symbol "public: void __thiscall TxInfoCompres::executar(void)" (?executar@TxInfoCompres@@QAEXXZ) referenced in function _main
InepConsoleApp.obj : error LNK2019: unresolved external symbol "public: class std::basic_string<char,struct std::char_traits<char>,class std::allocator<char> > * __thiscall TxInfoCompres::obteResultat(void)" (?obteResultat@TxInfoCompres@@QAEPAV?$basic_string@DU?$char_traits@D@std@@V?$allocator@D@2@@std@@XZ) referenced in function _main
InepConsoleApp.obj : error LNK2019: unresolved external symbol "public: __thiscall CtrlModificaUsuari::CtrlModificaUsuari(void)" (??0CtrlModificaUsuari@@QAE@XZ) referenced in function _main
InepConsoleApp.obj : error LNK2019: unresolved external symbol "public: class std::basic_string<char,struct std::char_traits<char>,class std::allocator<char> > * __thiscall CtrlModificaUsuari::consultaUsuari(void)" (?consultaUsuari@CtrlModificaUsuari@@QAEPAV?$basic_string@DU?$char_traits@D@std@@V?$allocator@D@2@@std@@XZ) referenced in function _main
InepConsoleApp.obj : error LNK2019: unresolved external symbol "public: void __thiscall CtrlModificaUsuari::modificaUsuari(class std::basic_string<char,struct std::char_traits<char>,class std::allocator<char> >,class std::basic_string<char,struct std::char_traits<char>,class std::allocator<char> >,class std::basic_string<char,struct std::char_traits<char>,class std::allocator<char> >,class std::basic_string<char,struct std::char_traits<char>,class std::allocator<char> >)" (?modificaUsuari@CtrlModificaUsuari@@QAEXV?$basic_string@DU?$char_traits@D@std@@V?$allocator@D@2@@std@@000@Z) referenced in function _main
InepConsoleApp.obj : error LNK2019: unresolved external symbol "public: __thiscall TxEsborraUsuari::TxEsborraUsuari(class std::basic_string<char,struct std::char_traits<char>,class std::allocator<char> >)" (??0TxEsborraUsuari@@QAE@V?$basic_string@DU?$char_traits@D@std@@V?$allocator@D@2@@std@@@Z) referenced in function _main
InepConsoleApp.obj : error LNK2019: unresolved external symbol "public: void __thiscall TxEsborraUsuari::executar(void)" (?executar@TxEsborraUsuari@@QAEXXZ) referenced in function _main
InepConsoleApp.obj : error LNK2019: unresolved external symbol "public: __thiscall TxConsultaVideojoc::TxConsultaVideojoc(class std::basic_string<char,struct std::char_traits<char>,class std::allocator<char> >)" (??0TxConsultaVideojoc@@QAE@V?$basic_string@DU?$char_traits@D@std@@V?$allocator@D@2@@std@@@Z) referenced in function _main
InepConsoleApp.obj : error LNK2019: unresolved external symbol "public: class std::basic_string<char,struct std::char_traits<char>,class std::allocator<char> > * __thiscall TxConsultaVideojoc::obteResultat(void)" (?obteResultat@TxConsultaVideojoc@@QAEPAV?$basic_string@DU?$char_traits@D@std@@V?$allocator@D@2@@std@@XZ) referenced in function _main
InepConsoleApp.obj : error LNK2019: unresolved external symbol "public: void __thiscall TxConsultaVideojoc::executar(void)" (?executar@TxConsultaVideojoc@@QAEXXZ) referenced in function _main
InepConsoleApp.obj : error LNK2019: unresolved external symbol "public: __thiscall TxComprarVideojoc::TxComprarVideojoc(class std::basic_string<char,struct std::char_traits<char>,class std::allocator<char> >)" (??0TxComprarVideojoc@@QAE@V?$basic_string@DU?$char_traits@D@std@@V?$allocator@D@2@@std@@@Z) referenced in function _main
InepConsoleApp.obj : error LNK2019: unresolved external symbol "public: void __thiscall TxComprarVideojoc::executar(void)" (?executar@TxComprarVideojoc@@QAEXXZ) referenced in function _main
InepConsoleApp.obj : error LNK2019: unresolved external symbol "public: class std::vector<struct InfoRel,class std::allocator<struct InfoRel> > __thiscall TxComprarVideojoc::obteResultat(void)" (?obteResultat@TxComprarVideojoc@@QAE?AV?$vector@UInfoRel@@V?$allocator@UInfoRel@@@std@@@std@@XZ) referenced in function _main
C:\Users\Shawn\source\repos\InepConsoleApp\Debug\InepConsoleApp.exe : fatal error LNK1120: 23 unresolved externals
