  InepConsoleApp.cpp
C:\Users\Shawn\source\repos\InepConsoleApp\InepConsoleApp\PassarellaUsuari.h(5,23): error C2011: 'PassarellaUsuari': 'class' type redefinition
  (compiling source file 'InepConsoleApp.cpp')
  C:\Users\Shawn\source\repos\InepConsoleApp\InepConsoleApp\PassarellaUsuari.h(5,7):
  see declaration of 'PassarellaUsuari'
  
C:\Program Files\Microsoft Visual Studio\2022\Community\VC\Tools\MSVC\14.38.33130\include\xsmf_control.h(152,33): error C2139: 'PassarellaUsuari': an undefined class is not allowed as an argument to compiler intrinsic type trait '__is_trivially_destructible'
  (compiling source file 'InepConsoleApp.cpp')
  C:\Users\Shawn\source\repos\InepConsoleApp\InepConsoleApp\PassarellaUsuari.h(5,7):
  see declaration of 'PassarellaUsuari'
  C:\Program Files\Microsoft Visual Studio\2022\Community\VC\Tools\MSVC\14.38.33130\include\xsmf_control.h(152,33):
  the template instantiation context (the oldest one first) is
  	C:\Users\Shawn\source\repos\InepConsoleApp\InepConsoleApp\Videoconsola.h(9,36):
  	see reference to class template instantiation 'std::optional<PassarellaUsuari>' being compiled
  	C:\Program Files\Microsoft Visual Studio\2022\Community\VC\Tools\MSVC\14.38.33130\include\optional(213,26):
  	see reference to alias template instantiation 'std::_SMF_control<std::_Optional_construct_base<_Ty>,_Ty>' being compiled
          with
          [
              _Ty=PassarellaUsuari
          ]
  	C:\Program Files\Microsoft Visual Studio\2022\Community\VC\Tools\MSVC\14.38.33130\include\xsmf_control.h(159,22):
  	see reference to alias template instantiation 'std::_SMF_control_move_assign<std::_Optional_construct_base<_Ty>,_Ty>' being compiled
          with
          [
              _Ty=PassarellaUsuari
          ]
  	C:\Program Files\Microsoft Visual Studio\2022\Community\VC\Tools\MSVC\14.38.33130\include\xsmf_control.h(152,19):
  	see reference to variable template 'const bool conjunction_v<std::is_trivially_destructible<PassarellaUsuari>,std::is_trivially_move_constructible<PassarellaUsuari>,std::is_trivially_move_assignable<PassarellaUsuari> >' being compiled
  
C:\Program Files\Microsoft Visual Studio\2022\Community\VC\Tools\MSVC\14.38.33130\include\xsmf_control.h(152,71): error C2139: 'PassarellaUsuari': an undefined class is not allowed as an argument to compiler intrinsic type trait '__is_trivially_constructible'
  (compiling source file 'InepConsoleApp.cpp')
  C:\Users\Shawn\source\repos\InepConsoleApp\InepConsoleApp\PassarellaUsuari.h(5,7):
  see declaration of 'PassarellaUsuari'
  C:\Program Files\Microsoft Visual Studio\2022\Community\VC\Tools\MSVC\14.38.33130\include\xsmf_control.h(152,71):
  the template instantiation context (the oldest one first) is
  	C:\Program Files\Microsoft Visual Studio\2022\Community\VC\Tools\MSVC\14.38.33130\include\xsmf_control.h(117,9):
  	see reference to alias template instantiation 'std::_SMF_control_move<std::_Optional_construct_base<_Ty>,_Ty>' being compiled
          with
          [
              _Ty=PassarellaUsuari
          ]
  	C:\Program Files\Microsoft Visual Studio\2022\Community\VC\Tools\MSVC\14.38.33130\include\xsmf_control.h(80,19):
  	see reference to variable template 'const bool conjunction_v<std::is_trivially_move_constructible<PassarellaUsuari> >' being compiled
  
C:\Program Files\Microsoft Visual Studio\2022\Community\VC\Tools\MSVC\14.38.33130\include\xsmf_control.h(115,71): error C2139: 'PassarellaUsuari': an undefined class is not allowed as an argument to compiler intrinsic type trait '__is_trivially_constructible'
  (compiling source file 'InepConsoleApp.cpp')
  C:\Users\Shawn\source\repos\InepConsoleApp\InepConsoleApp\PassarellaUsuari.h(5,7):
  see declaration of 'PassarellaUsuari'
  C:\Program Files\Microsoft Visual Studio\2022\Community\VC\Tools\MSVC\14.38.33130\include\xsmf_control.h(115,71):
  the template instantiation context (the oldest one first) is
  	C:\Program Files\Microsoft Visual Studio\2022\Community\VC\Tools\MSVC\14.38.33130\include\xsmf_control.h(80,78):
  	see reference to alias template instantiation 'std::_SMF_control_copy<std::_Optional_construct_base<_Ty>,_Ty>' being compiled
          with
          [
              _Ty=PassarellaUsuari
          ]
  	C:\Program Files\Microsoft Visual Studio\2022\Community\VC\Tools\MSVC\14.38.33130\include\xsmf_control.h(48,41):
  	see reference to variable template 'const bool conjunction_v<std::is_trivially_copy_constructible<PassarellaUsuari> >' being compiled
  
C:\Program Files\Microsoft Visual Studio\2022\Community\VC\Tools\MSVC\14.38.33130\include\xsmf_control.h(49,33): error C2139: 'PassarellaUsuari': an undefined class is not allowed as an argument to compiler intrinsic type trait '__is_constructible'
  (compiling source file 'InepConsoleApp.cpp')
  C:\Users\Shawn\source\repos\InepConsoleApp\InepConsoleApp\PassarellaUsuari.h(5,7):
  see declaration of 'PassarellaUsuari'
  C:\Program Files\Microsoft Visual Studio\2022\Community\VC\Tools\MSVC\14.38.33130\include\xsmf_control.h(49,33):
  the template instantiation context (the oldest one first) is
  	C:\Program Files\Microsoft Visual Studio\2022\Community\VC\Tools\MSVC\14.38.33130\include\xsmf_control.h(49,19):
  	see reference to variable template 'const bool conjunction_v<std::is_copy_constructible<PassarellaUsuari> >' being compiled
  
C:\Program Files\Microsoft Visual Studio\2022\Community\VC\Tools\MSVC\14.38.33130\include\xsmf_control.h(81,37): error C2139: 'PassarellaUsuari': an undefined class is not allowed as an argument to compiler intrinsic type trait '__is_constructible'
  (compiling source file 'InepConsoleApp.cpp')
  C:\Users\Shawn\source\repos\InepConsoleApp\InepConsoleApp\PassarellaUsuari.h(5,7):
  see declaration of 'PassarellaUsuari'
  C:\Program Files\Microsoft Visual Studio\2022\Community\VC\Tools\MSVC\14.38.33130\include\xsmf_control.h(81,37):
  the template instantiation context (the oldest one first) is
  	C:\Program Files\Microsoft Visual Studio\2022\Community\VC\Tools\MSVC\14.38.33130\include\xsmf_control.h(81,23):
  	see reference to variable template 'const bool conjunction_v<std::is_move_constructible<PassarellaUsuari> >' being compiled
  
C:\Program Files\Microsoft Visual Studio\2022\Community\VC\Tools\MSVC\14.38.33130\include\type_traits(933,28): error C2139: 'PassarellaUsuari': an undefined class is not allowed as an argument to compiler intrinsic type trait '__is_trivially_destructible'
  (compiling source file 'InepConsoleApp.cpp')
  C:\Users\Shawn\source\repos\InepConsoleApp\InepConsoleApp\PassarellaUsuari.h(5,7):
  see declaration of 'PassarellaUsuari'
  C:\Program Files\Microsoft Visual Studio\2022\Community\VC\Tools\MSVC\14.38.33130\include\type_traits(933,28):
  the template instantiation context (the oldest one first) is
  	C:\Program Files\Microsoft Visual Studio\2022\Community\VC\Tools\MSVC\14.38.33130\include\optional(213,26):
  	see reference to class template instantiation 'std::_Deleted_move_assign<std::_Optional_construct_base<_Ty>,_Ty>' being compiled
          with
          [
              _Ty=PassarellaUsuari
          ]
  	C:\Program Files\Microsoft Visual Studio\2022\Community\VC\Tools\MSVC\14.38.33130\include\xsmf_control.h(139,31):
  	see reference to class template instantiation 'std::_Deleted_copy_assign<std::_Optional_construct_base<_Ty>,_Ty>' being compiled
          with
          [
              _Ty=PassarellaUsuari
          ]
  	C:\Program Files\Microsoft Visual Studio\2022\Community\VC\Tools\MSVC\14.38.33130\include\xsmf_control.h(102,31):
  	see reference to class template instantiation 'std::_Deleted_move<std::_Optional_construct_base<_Ty>,_Ty>' being compiled
          with
          [
              _Ty=PassarellaUsuari
          ]
  	C:\Program Files\Microsoft Visual Studio\2022\Community\VC\Tools\MSVC\14.38.33130\include\xsmf_control.h(67,24):
  	see reference to class template instantiation 'std::_Deleted_copy<std::_Optional_construct_base<_Ty>>' being compiled
          with
          [
              _Ty=PassarellaUsuari
          ]
  	C:\Program Files\Microsoft Visual Studio\2022\Community\VC\Tools\MSVC\14.38.33130\include\xsmf_control.h(37,24):
  	see reference to class template instantiation 'std::_Optional_construct_base<_Ty>' being compiled
          with
          [
              _Ty=PassarellaUsuari
          ]
  	C:\Program Files\Microsoft Visual Studio\2022\Community\VC\Tools\MSVC\14.38.33130\include\optional(69,29):
  	see reference to variable template 'const bool is_trivially_destructible_v<PassarellaUsuari>' being compiled
  
C:\Program Files\Microsoft Visual Studio\2022\Community\VC\Tools\MSVC\14.38.33130\include\optional(100,26): error C2079: 'std::_Optional_destruct_base<_Ty,false>::_Value' uses undefined class 'PassarellaUsuari'
C:\Program Files\Microsoft Visual Studio\2022\Community\VC\Tools\MSVC\14.38.33130\include\optional(100,26): error C2079:         with
C:\Program Files\Microsoft Visual Studio\2022\Community\VC\Tools\MSVC\14.38.33130\include\optional(100,26): error C2079:         [
C:\Program Files\Microsoft Visual Studio\2022\Community\VC\Tools\MSVC\14.38.33130\include\optional(100,26): error C2079:             _Ty=PassarellaUsuari
C:\Program Files\Microsoft Visual Studio\2022\Community\VC\Tools\MSVC\14.38.33130\include\optional(100,26): error C2079:         ]
  (compiling source file 'InepConsoleApp.cpp')
  C:\Program Files\Microsoft Visual Studio\2022\Community\VC\Tools\MSVC\14.38.33130\include\optional(100,26):
  the template instantiation context (the oldest one first) is
  	C:\Program Files\Microsoft Visual Studio\2022\Community\VC\Tools\MSVC\14.38.33130\include\optional(138,35):
  	see reference to class template instantiation 'std::_Optional_destruct_base<_Ty,false>' being compiled
          with
          [
              _Ty=PassarellaUsuari
          ]
  
C:\Program Files\Microsoft Visual Studio\2022\Community\VC\Tools\MSVC\14.38.33130\include\type_traits(865,28): error C2139: 'PassarellaUsuari': an undefined class is not allowed as an argument to compiler intrinsic type trait '__is_destructible'
  (compiling source file 'InepConsoleApp.cpp')
  C:\Users\Shawn\source\repos\InepConsoleApp\InepConsoleApp\PassarellaUsuari.h(5,7):
  see declaration of 'PassarellaUsuari'
  C:\Program Files\Microsoft Visual Studio\2022\Community\VC\Tools\MSVC\14.38.33130\include\type_traits(865,28):
  the template instantiation context (the oldest one first) is
  	C:\Program Files\Microsoft Visual Studio\2022\Community\VC\Tools\MSVC\14.38.33130\include\optional(220,39):
  	see reference to variable template 'const bool is_destructible_v<PassarellaUsuari>' being compiled
  
C:\Program Files\Microsoft Visual Studio\2022\Community\VC\Tools\MSVC\14.38.33130\include\optional(220,62): error C2338: static_assert failed: 'T in optional<T> must meet the Cpp17Destructible requirements (N4950 [optional.optional.general]/3).'
  (compiling source file 'InepConsoleApp.cpp')
  
